<?xml version="1.0" encoding="UTF-8"?>
<!-- Generated by org.testng.reporters.JUnitReportReporter -->
<testsuite hostname="shivprasad-ThinkPad-T460" failures="0" tests="3" name="assertion.Soft_assertion" time="0.020" errors="0" timestamp="2024-01-30T22:24:18 IST" skipped="0">
  <testcase classname="assertion.Soft_assertion" name="multiply" time="0.002"/>
  <system-out/>
  <testcase classname="assertion.Soft_assertion" name="addition" time="0.014"/>
  <system-out/>
  <testcase classname="assertion.Soft_assertion" name="division" time="0.004"/>
  <system-out/>
</testsuite> <!-- assertion.Soft_assertion -->
