<?xml version="1.0" encoding="UTF-8"?>
<!-- Generated by org.testng.reporters.JUnitReportReporter -->
<testsuite hostname="shivprasad-ThinkPad-T460" failures="0" tests="2" name="testNG_Keywords.Keyword_priority" time="0.021" errors="0" timestamp="2024-01-29T23:13:02 IST" skipped="0">
  <testcase classname="testNG_Keywords.Keyword_priority" name="testC" time="0.015"/>
  <system-out/>
  <testcase classname="testNG_Keywords.Keyword_priority" name="testA" time="0.006"/>
  <system-out/>
</testsuite> <!-- testNG_Keywords.Keyword_priority -->
