<?xml version="1.0" encoding="UTF-8"?>
<!-- Generated by org.testng.reporters.JUnitReportReporter -->
<testsuite hostname="shivprasad-ThinkPad-T460" failures="0" tests="1" name="testNG_Logs.Reporter_logs" time="0.013" errors="0" timestamp="2024-01-30T21:56:41 IST" skipped="0">
  <testcase classname="testNG_Logs.Reporter_logs" name="testing" time="0.013"/>
  <system-out>
    <![CDATA[================== setting bowser =======================
================== launching bowser =======================
================== Entering password : pwd =======================]]>
  </system-out>
</testsuite> <!-- testNG_Logs.Reporter_logs -->
