<?xml version="1.0" encoding="UTF-8"?>
<!-- Generated by org.testng.reporters.JUnitReportReporter -->
<testsuite hostname="shivprasad-ThinkPad-T460" failures="0" tests="2" name="testNG_Keywords.Annoatations" time="0.015" errors="0" timestamp="2024-01-28T19:33:10 IST" skipped="0">
  <testcase classname="testNG_Keywords.Annoatations" name="testmethod2" time="0.004"/>
  <system-out/>
  <testcase classname="testNG_Keywords.Annoatations" name="testmethod1" time="0.011"/>
  <system-out/>
</testsuite> <!-- testNG_Keywords.Annoatations -->
