<?xml version="1.0" encoding="UTF-8"?>
<!-- Generated by org.testng.reporters.JUnitReportReporter -->
<testsuite hostname="shivprasad-ThinkPad-T460" failures="0" tests="1" name="testNG_Keywords.Keyword_priority" time="0.010" errors="0" timestamp="2024-01-28T22:20:53 IST" skipped="0">
  <testcase classname="testNG_Keywords.Keyword_priority" name="testA" time="0.010"/>
  <system-out/>
</testsuite> <!-- testNG_Keywords.Keyword_priority -->
