<?xml version="1.0" encoding="UTF-8"?>
<!-- Generated by org.testng.reporters.JUnitReportReporter -->
<testsuite hostname="shivprasad-ThinkPad-T460" failures="0" tests="2" name="testNG_parameters.Parameters_FixedValues" time="0.013" errors="0" timestamp="2024-01-28T23:01:31 IST" skipped="0">
  <testcase classname="testNG_parameters.Parameters_FixedValues" name="browserUsed" time="0.007"/>
  <system-out/>
  <testcase classname="testNG_parameters.Parameters_FixedValues" name="apptype" time="0.006"/>
  <system-out/>
</testsuite> <!-- testNG_parameters.Parameters_FixedValues -->
