<?xml version="1.0" encoding="UTF-8"?>
<!-- Generated by org.testng.reporters.JUnitReportReporter -->
<testsuite hostname="shivprasad-ThinkPad-T460" failures="0" tests="3" name="testNG_parameters.Cross_Browser" time="0.014" errors="0" timestamp="2024-01-28T22:56:59 IST" skipped="0">
  <testcase classname="testNG_parameters.Cross_Browser" name="browserUsed" time="0.002"/>
  <system-out/>
  <testcase classname="testNG_parameters.Cross_Browser" name="apptype" time="0.010"/>
  <system-out/>
  <testcase classname="testNG_parameters.Cross_Browser" name="systemUsed" time="0.002"/>
  <system-out/>
</testsuite> <!-- testNG_parameters.Cross_Browser -->
