<?xml version="1.0" encoding="UTF-8"?>
<!-- Generated by org.testng.reporters.JUnitReportReporter -->
<testsuite hostname="shivprasad-ThinkPad-T460" failures="0" tests="5" name="testNG_Keywords.Keyword_enabled" time="0.013" errors="0" timestamp="2024-01-28T22:27:06 IST" skipped="1">
  <testcase classname="testNG_Keywords.Keyword_enabled" name="testMethodA" time="0.008"/>
  <system-out/>
  <testcase classname="testNG_Keywords.Keyword_enabled" name="testMethodC" time="0.001"/>
  <system-out/>
  <testcase classname="testNG_Keywords.Keyword_enabled" name="testMethodE" time="0.002"/>
  <system-out/>
  <testcase classname="testNG_Keywords.Keyword_enabled" name="testMethodD" time="0.002"/>
  <system-out/>
  <testcase classname="testNG_Keywords.Keyword_enabled" name="testMethodB">
    <skipped/>
  </testcase> <!-- testMethodB -->
  <system-out/>
</testsuite> <!-- testNG_Keywords.Keyword_enabled -->
