<?xml version="1.0" encoding="UTF-8"?>
<!-- Generated by org.testng.reporters.JUnitReportReporter -->
<testsuite hostname="shivprasad-ThinkPad-T460" failures="0" tests="1" name="assertion.Soft_assertion_No_assertAll" time="0.017" errors="0" timestamp="2024-02-01T23:21:04 IST" skipped="0">
  <testcase classname="assertion.Soft_assertion_No_assertAll" name="division" time="0.017"/>
  <system-out/>
</testsuite> <!-- assertion.Soft_assertion_No_assertAll -->
