<?xml version="1.0" encoding="UTF-8"?>
<!-- Generated by org.testng.reporters.JUnitReportReporter -->
<testsuite hostname="shivprasad-ThinkPad-T460" failures="0" tests="10" name="testNG_Keywords.Keyword_InvocationCount" time="0.056" errors="0" timestamp="2024-01-31T21:36:53 IST" skipped="0">
  <testcase classname="testNG_Keywords.Keyword_InvocationCount" name="test_2" time="0.004"/>
  <system-out/>
  <testcase classname="testNG_Keywords.Keyword_InvocationCount" name="test_3" time="0.002"/>
  <system-out/>
  <testcase classname="testNG_Keywords.Keyword_InvocationCount" name="test_2" time="0.004"/>
  <system-out/>
  <testcase classname="testNG_Keywords.Keyword_InvocationCount" name="test_3" time="0.002"/>
  <system-out/>
  <testcase classname="testNG_Keywords.Keyword_InvocationCount" name="test_1" time="0.005"/>
  <system-out/>
  <testcase classname="testNG_Keywords.Keyword_InvocationCount" name="test_2" time="0.009"/>
  <system-out/>
  <testcase classname="testNG_Keywords.Keyword_InvocationCount" name="test_1" time="0.023"/>
  <system-out/>
  <testcase classname="testNG_Keywords.Keyword_InvocationCount" name="test_1" time="0.003"/>
  <system-out/>
  <testcase classname="testNG_Keywords.Keyword_InvocationCount" name="test_2" time="0.003"/>
  <system-out/>
  <testcase classname="testNG_Keywords.Keyword_InvocationCount" name="test_3" time="0.001"/>
  <system-out/>
</testsuite> <!-- testNG_Keywords.Keyword_InvocationCount -->
