<?xml version="1.0" encoding="UTF-8"?>
<!-- Generated by org.testng.reporters.JUnitReportReporter -->
<testsuite hostname="shivprasad-ThinkPad-T460" failures="0" tests="2" name="testNG_Keywords.Keyword_groups" time="0.013" errors="0" timestamp="2024-01-29T23:28:22 IST" skipped="0">
  <testcase classname="testNG_Keywords.Keyword_groups" name="testX" time="0.011"/>
  <system-out/>
  <testcase classname="testNG_Keywords.Keyword_groups" name="testY" time="0.002"/>
  <system-out/>
</testsuite> <!-- testNG_Keywords.Keyword_groups -->
